[debug] [2025-06-02T11:22:33.834Z] ----------------------------------------------------------------------
[debug] [2025-06-02T11:22:33.837Z] Command:       C:\Program Files\nodejs\node.exe C:\Users\Ser\AppData\Roaming\npm\node_modules\firebase-tools\lib\bin\firebase.js deploy --only functions:groupedReviews
[debug] [2025-06-02T11:22:33.837Z] CLI Version:   14.5.1
[debug] [2025-06-02T11:22:33.837Z] Platform:      win32
[debug] [2025-06-02T11:22:33.837Z] Node Version:  v22.14.0
[debug] [2025-06-02T11:22:33.838Z] Time:          Mon Jun 02 2025 13:22:33 GMT+0200 (hora de verano de Europa central)
[debug] [2025-06-02T11:22:33.838Z] ----------------------------------------------------------------------
[debug] 
[debug] [2025-06-02T11:22:34.056Z] > command requires scopes: ["email","openid","https://www.googleapis.com/auth/cloudplatformprojects.readonly","https://www.googleapis.com/auth/firebase","https://www.googleapis.com/auth/cloud-platform"]
[debug] [2025-06-02T11:22:34.056Z] > authorizing via signed-in user (sergio.marserr@gmail.com)
[debug] [2025-06-02T11:22:34.056Z] [iam] checking project listopic for permissions ["cloudfunctions.functions.create","cloudfunctions.functions.delete","cloudfunctions.functions.get","cloudfunctions.functions.list","cloudfunctions.functions.update","cloudfunctions.operations.get","firebase.projects.get"]
[debug] [2025-06-02T11:22:34.057Z] Checked if tokens are valid: true, expires at: 1748865315875
[debug] [2025-06-02T11:22:34.057Z] Checked if tokens are valid: true, expires at: 1748865315875
[debug] [2025-06-02T11:22:34.058Z] >>> [apiv2][query] POST https://cloudresourcemanager.googleapis.com/v1/projects/listopic:testIamPermissions [none]
[debug] [2025-06-02T11:22:34.058Z] >>> [apiv2][(partial)header] POST https://cloudresourcemanager.googleapis.com/v1/projects/listopic:testIamPermissions x-goog-quota-user=projects/listopic
[debug] [2025-06-02T11:22:34.059Z] >>> [apiv2][body] POST https://cloudresourcemanager.googleapis.com/v1/projects/listopic:testIamPermissions {"permissions":["cloudfunctions.functions.create","cloudfunctions.functions.delete","cloudfunctions.functions.get","cloudfunctions.functions.list","cloudfunctions.functions.update","cloudfunctions.operations.get","firebase.projects.get"]}
[debug] [2025-06-02T11:22:34.884Z] <<< [apiv2][status] POST https://cloudresourcemanager.googleapis.com/v1/projects/listopic:testIamPermissions 200
[debug] [2025-06-02T11:22:34.885Z] <<< [apiv2][body] POST https://cloudresourcemanager.googleapis.com/v1/projects/listopic:testIamPermissions {"permissions":["cloudfunctions.functions.create","cloudfunctions.functions.delete","cloudfunctions.functions.get","cloudfunctions.functions.list","cloudfunctions.functions.update","cloudfunctions.operations.get","firebase.projects.get"]}
[debug] [2025-06-02T11:22:34.885Z] Checked if tokens are valid: true, expires at: 1748865315875
[debug] [2025-06-02T11:22:34.885Z] Checked if tokens are valid: true, expires at: 1748865315875
[debug] [2025-06-02T11:22:34.885Z] >>> [apiv2][query] POST https://iam.googleapis.com/v1/projects/listopic/serviceAccounts/listopic@appspot.gserviceaccount.com:testIamPermissions [none]
[debug] [2025-06-02T11:22:34.885Z] >>> [apiv2][body] POST https://iam.googleapis.com/v1/projects/listopic/serviceAccounts/listopic@appspot.gserviceaccount.com:testIamPermissions {"permissions":["iam.serviceAccounts.actAs"]}
[debug] [2025-06-02T11:22:35.636Z] <<< [apiv2][status] POST https://iam.googleapis.com/v1/projects/listopic/serviceAccounts/listopic@appspot.gserviceaccount.com:testIamPermissions 200
[debug] [2025-06-02T11:22:35.637Z] <<< [apiv2][body] POST https://iam.googleapis.com/v1/projects/listopic/serviceAccounts/listopic@appspot.gserviceaccount.com:testIamPermissions {"permissions":["iam.serviceAccounts.actAs"]}
[info] 
[info] === Deploying to 'listopic'...
[info] 
[info] i  deploying functions 
[debug] [2025-06-02T11:22:35.639Z] Checked if tokens are valid: true, expires at: 1748865315875
[debug] [2025-06-02T11:22:35.639Z] Checked if tokens are valid: true, expires at: 1748865315875
[debug] [2025-06-02T11:22:35.640Z] >>> [apiv2][query] GET https://serviceusage.googleapis.com/v1/projects/listopic/services/cloudresourcemanager.googleapis.com [none]
[debug] [2025-06-02T11:22:35.640Z] >>> [apiv2][(partial)header] GET https://serviceusage.googleapis.com/v1/projects/listopic/services/cloudresourcemanager.googleapis.com x-goog-quota-user=projects/listopic
[debug] [2025-06-02T11:22:36.650Z] <<< [apiv2][status] GET https://serviceusage.googleapis.com/v1/projects/listopic/services/cloudresourcemanager.googleapis.com 200
[debug] [2025-06-02T11:22:36.651Z] <<< [apiv2][body] GET https://serviceusage.googleapis.com/v1/projects/listopic/services/cloudresourcemanager.googleapis.com [omitted]
[debug] [2025-06-02T11:22:36.651Z] Checked if tokens are valid: true, expires at: 1748865315875
[debug] [2025-06-02T11:22:36.651Z] Checked if tokens are valid: true, expires at: 1748865315875
[debug] [2025-06-02T11:22:36.651Z] >>> [apiv2][query] GET https://cloudresourcemanager.googleapis.com/v1/projects/listopic [none]
[debug] [2025-06-02T11:22:36.842Z] <<< [apiv2][status] GET https://cloudresourcemanager.googleapis.com/v1/projects/listopic 200
[debug] [2025-06-02T11:22:36.842Z] <<< [apiv2][body] GET https://cloudresourcemanager.googleapis.com/v1/projects/listopic {"projectNumber":"851333213702","projectId":"listopic","lifecycleState":"ACTIVE","name":"LISTOPIC","labels":{"firebase":"enabled","firebase-core":"disabled"},"createTime":"2025-05-14T19:41:08.204745Z"}
[info] i  functions: preparing codebase default for deployment 
[info] i  functions: ensuring required API cloudfunctions.googleapis.com is enabled... 
[debug] [2025-06-02T11:22:36.848Z] Checked if tokens are valid: true, expires at: 1748865315875
[debug] [2025-06-02T11:22:36.848Z] Checked if tokens are valid: true, expires at: 1748865315875
[debug] [2025-06-02T11:22:36.848Z] Checked if tokens are valid: true, expires at: 1748865315875
[debug] [2025-06-02T11:22:36.848Z] Checked if tokens are valid: true, expires at: 1748865315875
[info] i  functions: ensuring required API cloudbuild.googleapis.com is enabled... 
[debug] [2025-06-02T11:22:36.850Z] Checked if tokens are valid: true, expires at: 1748865315875
[debug] [2025-06-02T11:22:36.850Z] Checked if tokens are valid: true, expires at: 1748865315875
[info] i  artifactregistry: ensuring required API artifactregistry.googleapis.com is enabled... 
[debug] [2025-06-02T11:22:36.852Z] Checked if tokens are valid: true, expires at: 1748865315875
[debug] [2025-06-02T11:22:36.852Z] Checked if tokens are valid: true, expires at: 1748865315875
[debug] [2025-06-02T11:22:36.852Z] >>> [apiv2][query] GET https://serviceusage.googleapis.com/v1/projects/listopic/services/cloudfunctions.googleapis.com [none]
[debug] [2025-06-02T11:22:36.853Z] >>> [apiv2][(partial)header] GET https://serviceusage.googleapis.com/v1/projects/listopic/services/cloudfunctions.googleapis.com x-goog-quota-user=projects/listopic
[debug] [2025-06-02T11:22:36.853Z] >>> [apiv2][query] GET https://serviceusage.googleapis.com/v1/projects/listopic/services/runtimeconfig.googleapis.com [none]
[debug] [2025-06-02T11:22:36.853Z] >>> [apiv2][(partial)header] GET https://serviceusage.googleapis.com/v1/projects/listopic/services/runtimeconfig.googleapis.com x-goog-quota-user=projects/listopic
[debug] [2025-06-02T11:22:36.856Z] >>> [apiv2][query] GET https://serviceusage.googleapis.com/v1/projects/listopic/services/cloudbuild.googleapis.com [none]
[debug] [2025-06-02T11:22:36.856Z] >>> [apiv2][(partial)header] GET https://serviceusage.googleapis.com/v1/projects/listopic/services/cloudbuild.googleapis.com x-goog-quota-user=projects/listopic
[debug] [2025-06-02T11:22:36.858Z] >>> [apiv2][query] GET https://serviceusage.googleapis.com/v1/projects/listopic/services/artifactregistry.googleapis.com [none]
[debug] [2025-06-02T11:22:36.858Z] >>> [apiv2][(partial)header] GET https://serviceusage.googleapis.com/v1/projects/listopic/services/artifactregistry.googleapis.com x-goog-quota-user=projects/listopic
[debug] [2025-06-02T11:22:37.274Z] <<< [apiv2][status] GET https://serviceusage.googleapis.com/v1/projects/listopic/services/runtimeconfig.googleapis.com 200
[debug] [2025-06-02T11:22:37.275Z] <<< [apiv2][body] GET https://serviceusage.googleapis.com/v1/projects/listopic/services/runtimeconfig.googleapis.com [omitted]
[debug] [2025-06-02T11:22:37.734Z] <<< [apiv2][status] GET https://serviceusage.googleapis.com/v1/projects/listopic/services/cloudfunctions.googleapis.com 200
[debug] [2025-06-02T11:22:37.734Z] <<< [apiv2][body] GET https://serviceusage.googleapis.com/v1/projects/listopic/services/cloudfunctions.googleapis.com [omitted]
[info] +  functions: required API cloudfunctions.googleapis.com is enabled 
[debug] [2025-06-02T11:22:37.750Z] <<< [apiv2][status] GET https://serviceusage.googleapis.com/v1/projects/listopic/services/cloudbuild.googleapis.com 200
[debug] [2025-06-02T11:22:37.750Z] <<< [apiv2][body] GET https://serviceusage.googleapis.com/v1/projects/listopic/services/cloudbuild.googleapis.com [omitted]
[info] +  functions: required API cloudbuild.googleapis.com is enabled 
[debug] [2025-06-02T11:22:37.775Z] <<< [apiv2][status] GET https://serviceusage.googleapis.com/v1/projects/listopic/services/artifactregistry.googleapis.com 200
[debug] [2025-06-02T11:22:37.775Z] <<< [apiv2][body] GET https://serviceusage.googleapis.com/v1/projects/listopic/services/artifactregistry.googleapis.com [omitted]
[info] +  artifactregistry: required API artifactregistry.googleapis.com is enabled 
[debug] [2025-06-02T11:22:37.776Z] Checked if tokens are valid: true, expires at: 1748865315875
[debug] [2025-06-02T11:22:37.777Z] Checked if tokens are valid: true, expires at: 1748865315875
[debug] [2025-06-02T11:22:37.777Z] >>> [apiv2][query] GET https://firebase.googleapis.com/v1beta1/projects/listopic/adminSdkConfig [none]
[debug] [2025-06-02T11:22:38.239Z] <<< [apiv2][status] GET https://firebase.googleapis.com/v1beta1/projects/listopic/adminSdkConfig 200
[debug] [2025-06-02T11:22:38.239Z] <<< [apiv2][body] GET https://firebase.googleapis.com/v1beta1/projects/listopic/adminSdkConfig {"projectId":"listopic","databaseURL":"https://listopic-default-rtdb.europe-west1.firebasedatabase.app","storageBucket":"listopic.firebasestorage.app"}
[debug] [2025-06-02T11:22:38.240Z] Checked if tokens are valid: true, expires at: 1748865315875
[debug] [2025-06-02T11:22:38.240Z] Checked if tokens are valid: true, expires at: 1748865315875
[debug] [2025-06-02T11:22:38.240Z] >>> [apiv2][query] GET https://runtimeconfig.googleapis.com/v1beta1/projects/listopic/configs [none]
[debug] [2025-06-02T11:22:39.121Z] <<< [apiv2][status] GET https://runtimeconfig.googleapis.com/v1beta1/projects/listopic/configs 200
[debug] [2025-06-02T11:22:39.121Z] <<< [apiv2][body] GET https://runtimeconfig.googleapis.com/v1beta1/projects/listopic/configs {"configs":[{"name":"projects/listopic/configs/google"}]}
[debug] [2025-06-02T11:22:39.121Z] Checked if tokens are valid: true, expires at: 1748865315875
[debug] [2025-06-02T11:22:39.121Z] Checked if tokens are valid: true, expires at: 1748865315875
[debug] [2025-06-02T11:22:39.121Z] >>> [apiv2][query] GET https://runtimeconfig.googleapis.com/v1beta1/projects/listopic/configs/google/variables [none]
[debug] [2025-06-02T11:22:39.323Z] <<< [apiv2][status] GET https://runtimeconfig.googleapis.com/v1beta1/projects/listopic/configs/google/variables 200
[debug] [2025-06-02T11:22:39.324Z] <<< [apiv2][body] GET https://runtimeconfig.googleapis.com/v1beta1/projects/listopic/configs/google/variables {"variables":[{"name":"projects/listopic/configs/google/variables/places_api_key","updateTime":"2025-06-02T08:01:51.662447748Z"}]}
[debug] [2025-06-02T11:22:39.324Z] Checked if tokens are valid: true, expires at: 1748865315875
[debug] [2025-06-02T11:22:39.324Z] Checked if tokens are valid: true, expires at: 1748865315875
[debug] [2025-06-02T11:22:39.324Z] >>> [apiv2][query] GET https://runtimeconfig.googleapis.com/v1beta1/projects/listopic/configs/google/variables/places_api_key [none]
[debug] [2025-06-02T11:22:39.546Z] <<< [apiv2][status] GET https://runtimeconfig.googleapis.com/v1beta1/projects/listopic/configs/google/variables/places_api_key 200
[debug] [2025-06-02T11:22:39.547Z] <<< [apiv2][body] GET https://runtimeconfig.googleapis.com/v1beta1/projects/listopic/configs/google/variables/places_api_key {"name":"projects/listopic/configs/google/variables/places_api_key","updateTime":"2025-06-02T08:01:51.662447748Z","text":"AIzaSyDXUk2b2VZu6Ui-HlBMZeMeQGBvzaSpHvE"}
[debug] [2025-06-02T11:22:39.548Z] Validating nodejs source
[warn] !  functions: package.json indicates an outdated version of firebase-functions. Please upgrade using npm install --save firebase-functions@latest in your functions directory. 
[warn] !  functions: Please note that there will be breaking changes when you upgrade. 
[debug] [2025-06-02T11:22:40.732Z] > [functions] package.json contents: {
  "name": "functions",
  "description": "Cloud Functions for Firebase",
  "scripts": {
    "lint": "eslint .",
    "serve": "firebase emulators:start --only functions",
    "shell": "firebase functions:shell",
    "start": "npm run shell",
    "deploy": "firebase deploy --only functions",
    "logs": "firebase functions:log"
  },
  "engines": {
    "node": "20"
  },
  "main": "index.js",
  "dependencies": {
    "cors": "^2.8.5",
    "firebase-admin": "^12.0.0",
    "firebase-functions": "^6.0.1",
    "node-fetch": "^2.7.0"
  },
  "devDependencies": {
    "eslint": "^8.15.0",
    "eslint-plugin-promise": "^6.0.0"
  },
  "private": true
}
[debug] [2025-06-02T11:22:40.732Z] Building nodejs source
[info] i  functions: Loading and analyzing source code for codebase default to determine what to deploy 
[debug] [2025-06-02T11:22:40.733Z] Could not find functions.yaml. Must use http discovery
[debug] [2025-06-02T11:22:40.745Z] Found firebase-functions binary at 'C:\Users\Ser\Proyectos\Hmm\0pruebas\functions\node_modules\.bin\firebase-functions'
[info] Serving at port 8469

